<?xml version="1.0" encoding="utf-8"?>
<TestRun id="d2e1ae82-32ba-4fe6-aa7b-8a98ed7ab8f2" name="ideal.savran@TRISTL0085 2021-02-23 03:01:44" runUser="TRDOMAIN\ideal.savran" xmlns="http://microsoft.com/schemas/VisualStudio/TeamTest/2010">
  <Times creation="2021-02-23T03:01:44.8422792+03:00" queuing="2021-02-23T03:01:44.8422793+03:00" start="2021-02-23T03:01:19.6473429+03:00" finish="2021-02-23T03:02:09.5546738+03:00" />
  <TestSettings name="default" id="9e24ce62-008c-4259-8c18-2a5f680dcf36">
    <Deployment runDeploymentRoot="ideal.savran_TRISTL0085_2021-02-23_03_01_44" />
  </TestSettings>
  <Results>
    <UnitTestResult executionId="cb466444-20f4-487c-9da2-5697d59139a4" testId="52499c20-82b9-4e4b-d1d3-54b02cb9ac0e" testName="MovieApp.AutomatedUITests.MovieAutomatedUITests.Create_WrongModelData_ReturnsErrorMessage(browser: &quot;chrome&quot;)" computerName="TRISTL0085" duration="00:00:17.7779701" startTime="2021-02-23T03:01:44.7585477+03:00" endTime="2021-02-23T03:01:44.7586490+03:00" testType="13cdc9d9-ddb5-4fa4-a97d-d965ccfc6d4b" outcome="Failed" testListId="8c84fa94-04c1-424b-9868-57a2d4851a1d" relativeResultsDirectory="cb466444-20f4-487c-9da2-5697d59139a4">
      <Output>
        <ErrorInfo>
          <Message>OpenQA.Selenium.WebDriverException : unknown error: net::ERR_CONNECTION_REFUSED
  (Session info: chrome=88.0.4324.182)</Message>
          <StackTrace>   at OpenQA.Selenium.Remote.RemoteWebDriver.UnpackAndThrowOnError(Response errorResponse)&#xD;
   at OpenQA.Selenium.Remote.RemoteWebDriver.Execute(String driverCommandToExecute, Dictionary`2 parameters)&#xD;
   at OpenQA.Selenium.Remote.RemoteWebDriver.set_Url(String value)&#xD;
   at OpenQA.Selenium.Remote.RemoteNavigator.GoToUrl(String url)&#xD;
   at MovieApp.AutomatedUITests.MovieCreatePage.Navigate() in C:\Users\ideal.sarvan\Source\Repos\AutomatedTest\AutomatedTest\MovieApp.AutomatedUITests\MovieCreatePage.cs:line 31&#xD;
   at MovieApp.AutomatedUITests.MovieAutomatedUITests.PrepareDriver(String browser) in C:\Users\ideal.sarvan\Source\Repos\AutomatedTest\AutomatedTest\MovieApp.AutomatedUITests\MovieAutomatedUITests.cs:line 83&#xD;
   at MovieApp.AutomatedUITests.MovieAutomatedUITests.Create_WrongModelData_ReturnsErrorMessage(String browser) in C:\Users\ideal.sarvan\Source\Repos\AutomatedTest\AutomatedTest\MovieApp.AutomatedUITests\MovieAutomatedUITests.cs:line 36</StackTrace>
        </ErrorInfo>
      </Output>
    </UnitTestResult>
    <UnitTestResult executionId="7e3984bc-4719-4f52-b8c2-10865efd4ff8" testId="cdfb19bc-0275-5902-6219-1177b23d7717" testName="MovieApp.AutomatedUITests.MovieAutomatedUITests.Create_WhenSuccessfullyExecuted_ReturnsIndexViewWithNewEmployee(browser: &quot;chrome&quot;)" computerName="TRISTL0085" duration="00:00:13.8422068" startTime="2021-02-23T03:02:09.3486565+03:00" endTime="2021-02-23T03:02:09.3486579+03:00" testType="13cdc9d9-ddb5-4fa4-a97d-d965ccfc6d4b" outcome="Failed" testListId="8c84fa94-04c1-424b-9868-57a2d4851a1d" relativeResultsDirectory="7e3984bc-4719-4f52-b8c2-10865efd4ff8">
      <Output>
        <ErrorInfo>
          <Message>OpenQA.Selenium.WebDriverException : unknown error: net::ERR_CONNECTION_REFUSED
  (Session info: chrome=88.0.4324.182)</Message>
          <StackTrace>   at OpenQA.Selenium.Remote.RemoteWebDriver.UnpackAndThrowOnError(Response errorResponse)&#xD;
   at OpenQA.Selenium.Remote.RemoteWebDriver.Execute(String driverCommandToExecute, Dictionary`2 parameters)&#xD;
   at OpenQA.Selenium.Remote.RemoteWebDriver.set_Url(String value)&#xD;
   at OpenQA.Selenium.Remote.RemoteNavigator.GoToUrl(String url)&#xD;
   at MovieApp.AutomatedUITests.MovieCreatePage.Navigate() in C:\Users\ideal.sarvan\Source\Repos\AutomatedTest\AutomatedTest\MovieApp.AutomatedUITests\MovieCreatePage.cs:line 31&#xD;
   at MovieApp.AutomatedUITests.MovieAutomatedUITests.PrepareDriver(String browser) in C:\Users\ideal.sarvan\Source\Repos\AutomatedTest\AutomatedTest\MovieApp.AutomatedUITests\MovieAutomatedUITests.cs:line 83&#xD;
   at MovieApp.AutomatedUITests.MovieAutomatedUITests.Create_WhenSuccessfullyExecuted_ReturnsIndexViewWithNewEmployee(String browser) in C:\Users\ideal.sarvan\Source\Repos\AutomatedTest\AutomatedTest\MovieApp.AutomatedUITests\MovieAutomatedUITests.cs:line 50</StackTrace>
        </ErrorInfo>
      </Output>
    </UnitTestResult>
    <UnitTestResult executionId="daaa05e9-e100-4189-913e-30572a54fb9e" testId="985a528f-6155-6ead-849b-c7053a5a9530" testName="MovieApp.AutomatedUITests.MovieAutomatedUITests.Create_WhenExecuted_ReturnsCreateView(browser: &quot;chrome&quot;)" computerName="TRISTL0085" duration="00:00:10.7584541" startTime="2021-02-23T03:01:55.5064140+03:00" endTime="2021-02-23T03:01:55.5064151+03:00" testType="13cdc9d9-ddb5-4fa4-a97d-d965ccfc6d4b" outcome="Failed" testListId="8c84fa94-04c1-424b-9868-57a2d4851a1d" relativeResultsDirectory="daaa05e9-e100-4189-913e-30572a54fb9e">
      <Output>
        <ErrorInfo>
          <Message>OpenQA.Selenium.WebDriverException : unknown error: net::ERR_CONNECTION_REFUSED
  (Session info: chrome=88.0.4324.182)</Message>
          <StackTrace>   at OpenQA.Selenium.Remote.RemoteWebDriver.UnpackAndThrowOnError(Response errorResponse)&#xD;
   at OpenQA.Selenium.Remote.RemoteWebDriver.Execute(String driverCommandToExecute, Dictionary`2 parameters)&#xD;
   at OpenQA.Selenium.Remote.RemoteWebDriver.set_Url(String value)&#xD;
   at OpenQA.Selenium.Remote.RemoteNavigator.GoToUrl(String url)&#xD;
   at MovieApp.AutomatedUITests.MovieCreatePage.Navigate() in C:\Users\ideal.sarvan\Source\Repos\AutomatedTest\AutomatedTest\MovieApp.AutomatedUITests\MovieCreatePage.cs:line 31&#xD;
   at MovieApp.AutomatedUITests.MovieAutomatedUITests.PrepareDriver(String browser) in C:\Users\ideal.sarvan\Source\Repos\AutomatedTest\AutomatedTest\MovieApp.AutomatedUITests\MovieAutomatedUITests.cs:line 83&#xD;
   at MovieApp.AutomatedUITests.MovieAutomatedUITests.Create_WhenExecuted_ReturnsCreateView(String browser) in C:\Users\ideal.sarvan\Source\Repos\AutomatedTest\AutomatedTest\MovieApp.AutomatedUITests\MovieAutomatedUITests.cs:line 25</StackTrace>
        </ErrorInfo>
      </Output>
    </UnitTestResult>
  </Results>
  <TestDefinitions>
    <UnitTest name="MovieApp.AutomatedUITests.MovieAutomatedUITests.Create_WhenSuccessfullyExecuted_ReturnsIndexViewWithNewEmployee(browser: &quot;chrome&quot;)" storage="c:\users\ideal.sarvan\source\repos\automatedtest\automatedtest\movieapp.automateduitests\bin\debug\net5.0\movieapp.automateduitests.dll" id="cdfb19bc-0275-5902-6219-1177b23d7717">
      <Execution id="7e3984bc-4719-4f52-b8c2-10865efd4ff8" />
      <TestMethod codeBase="C:\Users\ideal.sarvan\source\repos\AutomatedTest\AutomatedTest\MovieApp.AutomatedUITests\bin\Debug\net5.0\MovieApp.AutomatedUITests.dll" adapterTypeName="executor://xunit/VsTestRunner2/netcoreapp" className="MovieApp.AutomatedUITests.MovieAutomatedUITests" name="Create_WhenSuccessfullyExecuted_ReturnsIndexViewWithNewEmployee" />
    </UnitTest>
    <UnitTest name="MovieApp.AutomatedUITests.MovieAutomatedUITests.Create_WrongModelData_ReturnsErrorMessage(browser: &quot;chrome&quot;)" storage="c:\users\ideal.sarvan\source\repos\automatedtest\automatedtest\movieapp.automateduitests\bin\debug\net5.0\movieapp.automateduitests.dll" id="52499c20-82b9-4e4b-d1d3-54b02cb9ac0e">
      <Execution id="cb466444-20f4-487c-9da2-5697d59139a4" />
      <TestMethod codeBase="C:\Users\ideal.sarvan\source\repos\AutomatedTest\AutomatedTest\MovieApp.AutomatedUITests\bin\Debug\net5.0\MovieApp.AutomatedUITests.dll" adapterTypeName="executor://xunit/VsTestRunner2/netcoreapp" className="MovieApp.AutomatedUITests.MovieAutomatedUITests" name="Create_WrongModelData_ReturnsErrorMessage" />
    </UnitTest>
    <UnitTest name="MovieApp.AutomatedUITests.MovieAutomatedUITests.Create_WhenExecuted_ReturnsCreateView(browser: &quot;chrome&quot;)" storage="c:\users\ideal.sarvan\source\repos\automatedtest\automatedtest\movieapp.automateduitests\bin\debug\net5.0\movieapp.automateduitests.dll" id="985a528f-6155-6ead-849b-c7053a5a9530">
      <Execution id="daaa05e9-e100-4189-913e-30572a54fb9e" />
      <TestMethod codeBase="C:\Users\ideal.sarvan\source\repos\AutomatedTest\AutomatedTest\MovieApp.AutomatedUITests\bin\Debug\net5.0\MovieApp.AutomatedUITests.dll" adapterTypeName="executor://xunit/VsTestRunner2/netcoreapp" className="MovieApp.AutomatedUITests.MovieAutomatedUITests" name="Create_WhenExecuted_ReturnsCreateView" />
    </UnitTest>
  </TestDefinitions>
  <TestEntries>
    <TestEntry testId="52499c20-82b9-4e4b-d1d3-54b02cb9ac0e" executionId="cb466444-20f4-487c-9da2-5697d59139a4" testListId="8c84fa94-04c1-424b-9868-57a2d4851a1d" />
    <TestEntry testId="cdfb19bc-0275-5902-6219-1177b23d7717" executionId="7e3984bc-4719-4f52-b8c2-10865efd4ff8" testListId="8c84fa94-04c1-424b-9868-57a2d4851a1d" />
    <TestEntry testId="985a528f-6155-6ead-849b-c7053a5a9530" executionId="daaa05e9-e100-4189-913e-30572a54fb9e" testListId="8c84fa94-04c1-424b-9868-57a2d4851a1d" />
  </TestEntries>
  <TestLists>
    <TestList name="Results Not in a List" id="8c84fa94-04c1-424b-9868-57a2d4851a1d" />
    <TestList name="All Loaded Results" id="19431567-8539-422a-85d7-44ee4e166bda" />
  </TestLists>
  <ResultSummary outcome="Failed">
    <Counters total="3" executed="3" passed="0" failed="3" error="0" timeout="0" aborted="0" inconclusive="0" passedButRunAborted="0" notRunnable="0" notExecuted="0" disconnected="0" warning="0" completed="0" inProgress="0" pending="0" />
    <Output>
      <StdOut>[xUnit.net 00:00:00.01] xUnit.net VSTest Adapter v2.4.3+1b45f5407b (64-bit .NET 5.0.2)&#xD;
[xUnit.net 00:00:02.42]   Discovering: MovieApp.AutomatedUITests&#xD;
[xUnit.net 00:00:02.62]   Discovered:  MovieApp.AutomatedUITests&#xD;
[xUnit.net 00:00:02.63]   Starting:    MovieApp.AutomatedUITests&#xD;
[xUnit.net 00:00:20.66]       OpenQA.Selenium.WebDriverException : unknown error: net::ERR_CONNECTION_REFUSED
  (Session info: chrome=88.0.4324.182)&#xD;
[xUnit.net 00:00:20.66]       Stack Trace:&#xD;
[xUnit.net 00:00:20.67]            at OpenQA.Selenium.Remote.RemoteWebDriver.UnpackAndThrowOnError(Response errorResponse)&#xD;
[xUnit.net 00:00:20.67]            at OpenQA.Selenium.Remote.RemoteWebDriver.Execute(String driverCommandToExecute, Dictionary`2 parameters)&#xD;
[xUnit.net 00:00:20.67]            at OpenQA.Selenium.Remote.RemoteWebDriver.set_Url(String value)&#xD;
[xUnit.net 00:00:20.67]            at OpenQA.Selenium.Remote.RemoteNavigator.GoToUrl(String url)&#xD;
[xUnit.net 00:00:20.67]         C:\Users\ideal.sarvan\Source\Repos\AutomatedTest\AutomatedTest\MovieApp.AutomatedUITests\MovieCreatePage.cs(31,0): at MovieApp.AutomatedUITests.MovieCreatePage.Navigate()&#xD;
[xUnit.net 00:00:20.67]         C:\Users\ideal.sarvan\Source\Repos\AutomatedTest\AutomatedTest\MovieApp.AutomatedUITests\MovieAutomatedUITests.cs(83,0): at MovieApp.AutomatedUITests.MovieAutomatedUITests.PrepareDriver(String browser)&#xD;
[xUnit.net 00:00:20.67]         C:\Users\ideal.sarvan\Source\Repos\AutomatedTest\AutomatedTest\MovieApp.AutomatedUITests\MovieAutomatedUITests.cs(36,0): at MovieApp.AutomatedUITests.MovieAutomatedUITests.Create_WrongModelData_ReturnsErrorMessage(String browser)&#xD;
[xUnit.net 00:00:31.42]       OpenQA.Selenium.WebDriverException : unknown error: net::ERR_CONNECTION_REFUSED
  (Session info: chrome=88.0.4324.182)&#xD;
[xUnit.net 00:00:31.42]       Stack Trace:&#xD;
[xUnit.net 00:00:31.42]            at OpenQA.Selenium.Remote.RemoteWebDriver.UnpackAndThrowOnError(Response errorResponse)&#xD;
[xUnit.net 00:00:31.42]            at OpenQA.Selenium.Remote.RemoteWebDriver.Execute(String driverCommandToExecute, Dictionary`2 parameters)&#xD;
[xUnit.net 00:00:31.42]            at OpenQA.Selenium.Remote.RemoteWebDriver.set_Url(String value)&#xD;
[xUnit.net 00:00:31.42]            at OpenQA.Selenium.Remote.RemoteNavigator.GoToUrl(String url)&#xD;
[xUnit.net 00:00:31.42]         C:\Users\ideal.sarvan\Source\Repos\AutomatedTest\AutomatedTest\MovieApp.AutomatedUITests\MovieCreatePage.cs(31,0): at MovieApp.AutomatedUITests.MovieCreatePage.Navigate()&#xD;
[xUnit.net 00:00:31.42]         C:\Users\ideal.sarvan\Source\Repos\AutomatedTest\AutomatedTest\MovieApp.AutomatedUITests\MovieAutomatedUITests.cs(83,0): at MovieApp.AutomatedUITests.MovieAutomatedUITests.PrepareDriver(String browser)&#xD;
[xUnit.net 00:00:31.42]         C:\Users\ideal.sarvan\Source\Repos\AutomatedTest\AutomatedTest\MovieApp.AutomatedUITests\MovieAutomatedUITests.cs(25,0): at MovieApp.AutomatedUITests.MovieAutomatedUITests.Create_WhenExecuted_ReturnsCreateView(String browser)&#xD;
[xUnit.net 00:00:45.26]       OpenQA.Selenium.WebDriverException : unknown error: net::ERR_CONNECTION_REFUSED
  (Session info: chrome=88.0.4324.182)&#xD;
[xUnit.net 00:00:45.26]       Stack Trace:&#xD;
[xUnit.net 00:00:45.26]            at OpenQA.Selenium.Remote.RemoteWebDriver.UnpackAndThrowOnError(Response errorResponse)&#xD;
[xUnit.net 00:00:45.26]            at OpenQA.Selenium.Remote.RemoteWebDriver.Execute(String driverCommandToExecute, Dictionary`2 parameters)&#xD;
[xUnit.net 00:00:45.26]            at OpenQA.Selenium.Remote.RemoteWebDriver.set_Url(String value)&#xD;
[xUnit.net 00:00:45.26]            at OpenQA.Selenium.Remote.RemoteNavigator.GoToUrl(String url)&#xD;
[xUnit.net 00:00:45.26]         C:\Users\ideal.sarvan\Source\Repos\AutomatedTest\AutomatedTest\MovieApp.AutomatedUITests\MovieCreatePage.cs(31,0): at MovieApp.AutomatedUITests.MovieCreatePage.Navigate()&#xD;
[xUnit.net 00:00:45.26]         C:\Users\ideal.sarvan\Source\Repos\AutomatedTest\AutomatedTest\MovieApp.AutomatedUITests\MovieAutomatedUITests.cs(83,0): at MovieApp.AutomatedUITests.MovieAutomatedUITests.PrepareDriver(String browser)&#xD;
[xUnit.net 00:00:45.26]         C:\Users\ideal.sarvan\Source\Repos\AutomatedTest\AutomatedTest\MovieApp.AutomatedUITests\MovieAutomatedUITests.cs(50,0): at MovieApp.AutomatedUITests.MovieAutomatedUITests.Create_WhenSuccessfullyExecuted_ReturnsIndexViewWithNewEmployee(String browser)&#xD;
[xUnit.net 00:00:45.27]   Finished:    MovieApp.AutomatedUITests&#xD;
</StdOut>
    </Output>
    <RunInfos>
      <RunInfo computerName="TRISTL0085" outcome="Error" timestamp="2021-02-23T03:01:44.7524483+03:00">
        <Text>[xUnit.net 00:00:20.66]     MovieApp.AutomatedUITests.MovieAutomatedUITests.Create_WrongModelData_ReturnsErrorMessage(browser: "chrome") [FAIL]</Text>
      </RunInfo>
      <RunInfo computerName="TRISTL0085" outcome="Error" timestamp="2021-02-23T03:01:55.5059492+03:00">
        <Text>[xUnit.net 00:00:31.42]     MovieApp.AutomatedUITests.MovieAutomatedUITests.Create_WhenExecuted_ReturnsCreateView(browser: "chrome") [FAIL]</Text>
      </RunInfo>
      <RunInfo computerName="TRISTL0085" outcome="Error" timestamp="2021-02-23T03:02:09.3484141+03:00">
        <Text>[xUnit.net 00:00:45.26]     MovieApp.AutomatedUITests.MovieAutomatedUITests.Create_WhenSuccessfullyExecuted_ReturnsIndexViewWithNewEmployee(browser: "chrome") [FAIL]</Text>
      </RunInfo>
    </RunInfos>
  </ResultSummary>
</TestRun>