<?xml version="1.0" encoding="utf-8"?>
<TestRun id="7dd27843-5d2e-41a3-8261-f933c6f4ded4" name="ideal.savran@TRISTL0085 2021-02-23 03:03:57" runUser="TRDOMAIN\ideal.savran" xmlns="http://microsoft.com/schemas/VisualStudio/TeamTest/2010">
  <Times creation="2021-02-23T03:03:57.3704514+03:00" queuing="2021-02-23T03:03:57.3704515+03:00" start="2021-02-23T03:03:50.0192429+03:00" finish="2021-02-23T03:03:57.3730236+03:00" />
  <TestSettings name="default" id="0bbceb04-0790-485c-bd81-1f2877d1af6c">
    <Deployment runDeploymentRoot="ideal.savran_TRISTL0085_2021-02-23_03_03_57" />
  </TestSettings>
  <TestLists>
    <TestList name="Results Not in a List" id="8c84fa94-04c1-424b-9868-57a2d4851a1d" />
    <TestList name="All Loaded Results" id="19431567-8539-422a-85d7-44ee4e166bda" />
  </TestLists>
  <ResultSummary outcome="Completed">
    <Counters total="0" executed="0" passed="0" failed="0" error="0" timeout="0" aborted="0" inconclusive="0" passedButRunAborted="0" notRunnable="0" notExecuted="0" disconnected="0" warning="0" completed="0" inProgress="0" pending="0" />
    <Output>
      <StdOut>[xUnit.net 00:00:00.01] xUnit.net VSTest Adapter v2.4.3+1b45f5407b (64-bit .NET 5.0.2)&#xD;
[xUnit.net 00:00:02.80]   Discovering: ApplicationLibrary.Test&#xD;
[xUnit.net 00:00:02.86]   Discovered:  ApplicationLibrary.Test&#xD;
</StdOut>
    </Output>
    <RunInfos>
      <RunInfo computerName="TRISTL0085" outcome="Warning" timestamp="2021-02-23T03:03:56.4344726+03:00">
        <Text>No test is available in C:\Users\ideal.sarvan\source\repos\AutomatedTest\AutomatedTest\ApplicationLibrary.Test\bin\Debug\net5.0\ApplicationLibrary.Test.dll. Make sure that test discoverer &amp; executors are registered and platform &amp; framework version settings are appropriate and try again.</Text>
      </RunInfo>
    </RunInfos>
  </ResultSummary>
</TestRun>