<?xml version="1.0" encoding="utf-8"?>
<TestRun id="aea320a8-6401-43af-9449-71676e4ada0f" name="ideal.savran@TRISTL0085 2021-02-23 03:01:30" runUser="TRDOMAIN\ideal.savran" xmlns="http://microsoft.com/schemas/VisualStudio/TeamTest/2010">
  <Times creation="2021-02-23T03:01:30.2146662+03:00" queuing="2021-02-23T03:01:30.2146663+03:00" start="2021-02-23T03:01:23.1630712+03:00" finish="2021-02-23T03:01:30.2174856+03:00" />
  <TestSettings name="default" id="844bf531-d1a8-40c5-a33a-c4da0904f1e7">
    <Deployment runDeploymentRoot="ideal.savran_TRISTL0085_2021-02-23_03_01_30" />
  </TestSettings>
  <TestLists>
    <TestList name="Results Not in a List" id="8c84fa94-04c1-424b-9868-57a2d4851a1d" />
    <TestList name="All Loaded Results" id="19431567-8539-422a-85d7-44ee4e166bda" />
  </TestLists>
  <ResultSummary outcome="Completed">
    <Counters total="0" executed="0" passed="0" failed="0" error="0" timeout="0" aborted="0" inconclusive="0" passedButRunAborted="0" notRunnable="0" notExecuted="0" disconnected="0" warning="0" completed="0" inProgress="0" pending="0" />
    <Output>
      <StdOut>[xUnit.net 00:00:00.01] xUnit.net VSTest Adapter v2.4.3+1b45f5407b (64-bit .NET 5.0.2)&#xD;
[xUnit.net 00:00:02.71]   Discovering: ApplicationLibrary.Test&#xD;
[xUnit.net 00:00:02.74]   Discovered:  ApplicationLibrary.Test&#xD;
</StdOut>
    </Output>
    <RunInfos>
      <RunInfo computerName="TRISTL0085" outcome="Warning" timestamp="2021-02-23T03:01:29.8319664+03:00">
        <Text>No test is available in C:\Users\ideal.sarvan\source\repos\AutomatedTest\AutomatedTest\ApplicationLibrary.Test\bin\Debug\net5.0\ApplicationLibrary.Test.dll. Make sure that test discoverer &amp; executors are registered and platform &amp; framework version settings are appropriate and try again.</Text>
      </RunInfo>
    </RunInfos>
  </ResultSummary>
</TestRun>