<?xml version="1.0" encoding="utf-8"?>
<TestRun id="5391797f-38fe-47bc-922d-cd807028933a" name="ideal.savran@TRISTL0085 2021-02-23 03:04:07" runUser="TRDOMAIN\ideal.savran" xmlns="http://microsoft.com/schemas/VisualStudio/TeamTest/2010">
  <Times creation="2021-02-23T03:04:07.2127807+03:00" queuing="2021-02-23T03:04:07.2127809+03:00" start="2021-02-23T03:03:56.1446318+03:00" finish="2021-02-23T03:04:07.2244669+03:00" />
  <TestSettings name="default" id="a2734805-0b3a-4594-ad49-4ef648187de5">
    <Deployment runDeploymentRoot="ideal.savran_TRISTL0085_2021-02-23_03_04_07" />
  </TestSettings>
  <Results>
    <UnitTestResult executionId="32a0e7dd-d570-40cf-bc1d-369bd2dcec46" testId="974d4f46-4767-7a97-8660-65e2fdd15582" testName="MovieApp.UnitTests.MoviesControllerTests.Index_ActionExecutes_ReturnsExactNumberOfMovies" computerName="TRISTL0085" duration="00:00:00.2192556" startTime="2021-02-23T03:04:06.4848916+03:00" endTime="2021-02-23T03:04:06.4848925+03:00" testType="13cdc9d9-ddb5-4fa4-a97d-d965ccfc6d4b" outcome="Passed" testListId="8c84fa94-04c1-424b-9868-57a2d4851a1d" relativeResultsDirectory="32a0e7dd-d570-40cf-bc1d-369bd2dcec46" />
    <UnitTestResult executionId="579c6fbd-207d-409e-b272-bae12bf66390" testId="752f2d5f-223a-3579-814a-5a34ea6bc49d" testName="MovieApp.UnitTests.MoviesControllerTests.Index_ActionExecutes_ReturnsViewForIndex" computerName="TRISTL0085" duration="00:00:00.0060502" startTime="2021-02-23T03:04:06.5438692+03:00" endTime="2021-02-23T03:04:06.5438702+03:00" testType="13cdc9d9-ddb5-4fa4-a97d-d965ccfc6d4b" outcome="Passed" testListId="8c84fa94-04c1-424b-9868-57a2d4851a1d" relativeResultsDirectory="579c6fbd-207d-409e-b272-bae12bf66390" />
    <UnitTestResult executionId="3ce46050-e829-4480-aac2-59c8bb6351ba" testId="005212e4-4b3f-79b8-77ef-2d996089cff7" testName="MovieApp.UnitTests.MoviesControllerTests.Create_InvalidModelState_CreateMovieNeverExecutes" computerName="TRISTL0085" duration="00:00:00.0032038" startTime="2021-02-23T03:04:06.5357087+03:00" endTime="2021-02-23T03:04:06.5357100+03:00" testType="13cdc9d9-ddb5-4fa4-a97d-d965ccfc6d4b" outcome="Passed" testListId="8c84fa94-04c1-424b-9868-57a2d4851a1d" relativeResultsDirectory="3ce46050-e829-4480-aac2-59c8bb6351ba" />
    <UnitTestResult executionId="904ec7ca-da06-4c40-a497-d2a5c0086ce0" testId="27bf9ede-f465-5911-c701-9d994fcd12ad" testName="MovieApp.UnitTests.MoviesControllerTests.Create_InvalidModelState_ReturnsView" computerName="TRISTL0085" duration="00:00:00.0018635" startTime="2021-02-23T03:04:06.5376914+03:00" endTime="2021-02-23T03:04:06.5376926+03:00" testType="13cdc9d9-ddb5-4fa4-a97d-d965ccfc6d4b" outcome="Passed" testListId="8c84fa94-04c1-424b-9868-57a2d4851a1d" relativeResultsDirectory="904ec7ca-da06-4c40-a497-d2a5c0086ce0" />
    <UnitTestResult executionId="2bb20062-3003-4ddf-94de-1b1bdd70fb37" testId="45f05476-6995-080c-97f9-14a84c233bbd" testName="MovieApp.UnitTests.MoviesControllerTests.Create_ActionExecuted_RedirectsToIndexAction" computerName="TRISTL0085" duration="00:00:00.0035270" startTime="2021-02-23T03:04:06.5323583+03:00" endTime="2021-02-23T03:04:06.5323595+03:00" testType="13cdc9d9-ddb5-4fa4-a97d-d965ccfc6d4b" outcome="Passed" testListId="8c84fa94-04c1-424b-9868-57a2d4851a1d" relativeResultsDirectory="2bb20062-3003-4ddf-94de-1b1bdd70fb37" />
    <UnitTestResult executionId="a1d67040-2ad9-449e-9cf9-17ad92699b05" testId="7c8be8df-13bb-61f7-3677-3a9a2ae82dd7" testName="MovieApp.UnitTests.MoviesControllerTests.Create_ModelStateValid_CreateMovieCalledOnce" computerName="TRISTL0085" duration="00:00:00.0437025" startTime="2021-02-23T03:04:06.5286984+03:00" endTime="2021-02-23T03:04:06.5286997+03:00" testType="13cdc9d9-ddb5-4fa4-a97d-d965ccfc6d4b" outcome="Passed" testListId="8c84fa94-04c1-424b-9868-57a2d4851a1d" relativeResultsDirectory="a1d67040-2ad9-449e-9cf9-17ad92699b05" />
    <UnitTestResult executionId="9f41b8d4-49df-4197-a455-e24562e7216a" testId="27f136ba-0cb5-cd4b-3094-5b05dd13cb55" testName="MovieApp.UnitTests.MoviesControllerTests.Create_ActionExecutes_ReturnsViewForCreate" computerName="TRISTL0085" duration="00:00:00.2111350" startTime="2021-02-23T03:04:06.2646215+03:00" endTime="2021-02-23T03:04:06.2648083+03:00" testType="13cdc9d9-ddb5-4fa4-a97d-d965ccfc6d4b" outcome="Passed" testListId="8c84fa94-04c1-424b-9868-57a2d4851a1d" relativeResultsDirectory="9f41b8d4-49df-4197-a455-e24562e7216a" />
  </Results>
  <TestDefinitions>
    <UnitTest name="MovieApp.UnitTests.MoviesControllerTests.Create_InvalidModelState_CreateMovieNeverExecutes" storage="c:\users\ideal.sarvan\source\repos\automatedtest\automatedtest\movieapp.unittests\bin\debug\net5.0\movieapp.unittests.dll" id="005212e4-4b3f-79b8-77ef-2d996089cff7">
      <Execution id="3ce46050-e829-4480-aac2-59c8bb6351ba" />
      <TestMethod codeBase="C:\Users\ideal.sarvan\source\repos\AutomatedTest\AutomatedTest\MovieApp.UnitTests\bin\Debug\net5.0\MovieApp.UnitTests.dll" adapterTypeName="executor://xunit/VsTestRunner2/netcoreapp" className="MovieApp.UnitTests.MoviesControllerTests" name="Create_InvalidModelState_CreateMovieNeverExecutes" />
    </UnitTest>
    <UnitTest name="MovieApp.UnitTests.MoviesControllerTests.Create_ActionExecuted_RedirectsToIndexAction" storage="c:\users\ideal.sarvan\source\repos\automatedtest\automatedtest\movieapp.unittests\bin\debug\net5.0\movieapp.unittests.dll" id="45f05476-6995-080c-97f9-14a84c233bbd">
      <Execution id="2bb20062-3003-4ddf-94de-1b1bdd70fb37" />
      <TestMethod codeBase="C:\Users\ideal.sarvan\source\repos\AutomatedTest\AutomatedTest\MovieApp.UnitTests\bin\Debug\net5.0\MovieApp.UnitTests.dll" adapterTypeName="executor://xunit/VsTestRunner2/netcoreapp" className="MovieApp.UnitTests.MoviesControllerTests" name="Create_ActionExecuted_RedirectsToIndexAction" />
    </UnitTest>
    <UnitTest name="MovieApp.UnitTests.MoviesControllerTests.Index_ActionExecutes_ReturnsViewForIndex" storage="c:\users\ideal.sarvan\source\repos\automatedtest\automatedtest\movieapp.unittests\bin\debug\net5.0\movieapp.unittests.dll" id="752f2d5f-223a-3579-814a-5a34ea6bc49d">
      <Execution id="579c6fbd-207d-409e-b272-bae12bf66390" />
      <TestMethod codeBase="C:\Users\ideal.sarvan\source\repos\AutomatedTest\AutomatedTest\MovieApp.UnitTests\bin\Debug\net5.0\MovieApp.UnitTests.dll" adapterTypeName="executor://xunit/VsTestRunner2/netcoreapp" className="MovieApp.UnitTests.MoviesControllerTests" name="Index_ActionExecutes_ReturnsViewForIndex" />
    </UnitTest>
    <UnitTest name="MovieApp.UnitTests.MoviesControllerTests.Index_ActionExecutes_ReturnsExactNumberOfMovies" storage="c:\users\ideal.sarvan\source\repos\automatedtest\automatedtest\movieapp.unittests\bin\debug\net5.0\movieapp.unittests.dll" id="974d4f46-4767-7a97-8660-65e2fdd15582">
      <Execution id="32a0e7dd-d570-40cf-bc1d-369bd2dcec46" />
      <TestMethod codeBase="C:\Users\ideal.sarvan\source\repos\AutomatedTest\AutomatedTest\MovieApp.UnitTests\bin\Debug\net5.0\MovieApp.UnitTests.dll" adapterTypeName="executor://xunit/VsTestRunner2/netcoreapp" className="MovieApp.UnitTests.MoviesControllerTests" name="Index_ActionExecutes_ReturnsExactNumberOfMovies" />
    </UnitTest>
    <UnitTest name="MovieApp.UnitTests.MoviesControllerTests.Create_ActionExecutes_ReturnsViewForCreate" storage="c:\users\ideal.sarvan\source\repos\automatedtest\automatedtest\movieapp.unittests\bin\debug\net5.0\movieapp.unittests.dll" id="27f136ba-0cb5-cd4b-3094-5b05dd13cb55">
      <Execution id="9f41b8d4-49df-4197-a455-e24562e7216a" />
      <TestMethod codeBase="C:\Users\ideal.sarvan\source\repos\AutomatedTest\AutomatedTest\MovieApp.UnitTests\bin\Debug\net5.0\MovieApp.UnitTests.dll" adapterTypeName="executor://xunit/VsTestRunner2/netcoreapp" className="MovieApp.UnitTests.MoviesControllerTests" name="Create_ActionExecutes_ReturnsViewForCreate" />
    </UnitTest>
    <UnitTest name="MovieApp.UnitTests.MoviesControllerTests.Create_InvalidModelState_ReturnsView" storage="c:\users\ideal.sarvan\source\repos\automatedtest\automatedtest\movieapp.unittests\bin\debug\net5.0\movieapp.unittests.dll" id="27bf9ede-f465-5911-c701-9d994fcd12ad">
      <Execution id="904ec7ca-da06-4c40-a497-d2a5c0086ce0" />
      <TestMethod codeBase="C:\Users\ideal.sarvan\source\repos\AutomatedTest\AutomatedTest\MovieApp.UnitTests\bin\Debug\net5.0\MovieApp.UnitTests.dll" adapterTypeName="executor://xunit/VsTestRunner2/netcoreapp" className="MovieApp.UnitTests.MoviesControllerTests" name="Create_InvalidModelState_ReturnsView" />
    </UnitTest>
    <UnitTest name="MovieApp.UnitTests.MoviesControllerTests.Create_ModelStateValid_CreateMovieCalledOnce" storage="c:\users\ideal.sarvan\source\repos\automatedtest\automatedtest\movieapp.unittests\bin\debug\net5.0\movieapp.unittests.dll" id="7c8be8df-13bb-61f7-3677-3a9a2ae82dd7">
      <Execution id="a1d67040-2ad9-449e-9cf9-17ad92699b05" />
      <TestMethod codeBase="C:\Users\ideal.sarvan\source\repos\AutomatedTest\AutomatedTest\MovieApp.UnitTests\bin\Debug\net5.0\MovieApp.UnitTests.dll" adapterTypeName="executor://xunit/VsTestRunner2/netcoreapp" className="MovieApp.UnitTests.MoviesControllerTests" name="Create_ModelStateValid_CreateMovieCalledOnce" />
    </UnitTest>
  </TestDefinitions>
  <TestEntries>
    <TestEntry testId="974d4f46-4767-7a97-8660-65e2fdd15582" executionId="32a0e7dd-d570-40cf-bc1d-369bd2dcec46" testListId="8c84fa94-04c1-424b-9868-57a2d4851a1d" />
    <TestEntry testId="752f2d5f-223a-3579-814a-5a34ea6bc49d" executionId="579c6fbd-207d-409e-b272-bae12bf66390" testListId="8c84fa94-04c1-424b-9868-57a2d4851a1d" />
    <TestEntry testId="005212e4-4b3f-79b8-77ef-2d996089cff7" executionId="3ce46050-e829-4480-aac2-59c8bb6351ba" testListId="8c84fa94-04c1-424b-9868-57a2d4851a1d" />
    <TestEntry testId="27bf9ede-f465-5911-c701-9d994fcd12ad" executionId="904ec7ca-da06-4c40-a497-d2a5c0086ce0" testListId="8c84fa94-04c1-424b-9868-57a2d4851a1d" />
    <TestEntry testId="45f05476-6995-080c-97f9-14a84c233bbd" executionId="2bb20062-3003-4ddf-94de-1b1bdd70fb37" testListId="8c84fa94-04c1-424b-9868-57a2d4851a1d" />
    <TestEntry testId="7c8be8df-13bb-61f7-3677-3a9a2ae82dd7" executionId="a1d67040-2ad9-449e-9cf9-17ad92699b05" testListId="8c84fa94-04c1-424b-9868-57a2d4851a1d" />
    <TestEntry testId="27f136ba-0cb5-cd4b-3094-5b05dd13cb55" executionId="9f41b8d4-49df-4197-a455-e24562e7216a" testListId="8c84fa94-04c1-424b-9868-57a2d4851a1d" />
  </TestEntries>
  <TestLists>
    <TestList name="Results Not in a List" id="8c84fa94-04c1-424b-9868-57a2d4851a1d" />
    <TestList name="All Loaded Results" id="19431567-8539-422a-85d7-44ee4e166bda" />
  </TestLists>
  <ResultSummary outcome="Completed">
    <Counters total="7" executed="7" passed="7" failed="0" error="0" timeout="0" aborted="0" inconclusive="0" passedButRunAborted="0" notRunnable="0" notExecuted="0" disconnected="0" warning="0" completed="0" inProgress="0" pending="0" />
    <Output>
      <StdOut>[xUnit.net 00:00:00.01] xUnit.net VSTest Adapter v2.4.3+1b45f5407b (64-bit .NET 5.0.2)&#xD;
[xUnit.net 00:00:04.73]   Discovering: MovieApp.UnitTests&#xD;
[xUnit.net 00:00:04.79]   Discovered:  MovieApp.UnitTests&#xD;
[xUnit.net 00:00:04.80]   Starting:    MovieApp.UnitTests&#xD;
[xUnit.net 00:00:05.44]   Finished:    MovieApp.UnitTests&#xD;
</StdOut>
    </Output>
  </ResultSummary>
</TestRun>