<?xml version="1.0" encoding="utf-8"?>
<TestRun id="4e76f5b3-cfc1-4367-9802-15bc7005d787" name="ideal.savran@TRISTL0085 2021-02-23 02:49:12" runUser="TRDOMAIN\ideal.savran" xmlns="http://microsoft.com/schemas/VisualStudio/TeamTest/2010">
  <Times creation="2021-02-23T02:49:12.0478887+03:00" queuing="2021-02-23T02:49:12.0478888+03:00" start="2021-02-23T02:49:06.7815938+03:00" finish="2021-02-23T02:49:12.0541402+03:00" />
  <TestSettings name="default" id="c74bf17b-083f-4340-a656-280e93028da6">
    <Deployment runDeploymentRoot="ideal.savran_TRISTL0085_2021-02-23_02_49_12" />
  </TestSettings>
  <Results>
    <UnitTestResult executionId="af7752b5-e79c-4019-b078-afdca15c3666" testId="27bf9ede-f465-5911-c701-9d994fcd12ad" testName="MovieApp.UnitTests.MoviesControllerTests.Create_InvalidModelState_ReturnsView" computerName="TRISTL0085" duration="00:00:00.0008176" startTime="2021-02-23T02:49:11.6921048+03:00" endTime="2021-02-23T02:49:11.6921051+03:00" testType="13cdc9d9-ddb5-4fa4-a97d-d965ccfc6d4b" outcome="Passed" testListId="8c84fa94-04c1-424b-9868-57a2d4851a1d" relativeResultsDirectory="af7752b5-e79c-4019-b078-afdca15c3666" />
    <UnitTestResult executionId="c9bbef30-9817-4bbd-b6e1-29ca816a627e" testId="752f2d5f-223a-3579-814a-5a34ea6bc49d" testName="MovieApp.UnitTests.MoviesControllerTests.Index_ActionExecutes_ReturnsViewForIndex" computerName="TRISTL0085" duration="00:00:00.0031212" startTime="2021-02-23T02:49:11.6953297+03:00" endTime="2021-02-23T02:49:11.6953303+03:00" testType="13cdc9d9-ddb5-4fa4-a97d-d965ccfc6d4b" outcome="Passed" testListId="8c84fa94-04c1-424b-9868-57a2d4851a1d" relativeResultsDirectory="c9bbef30-9817-4bbd-b6e1-29ca816a627e" />
    <UnitTestResult executionId="0e812061-5f7d-40b4-bf4a-45fd09d74d74" testId="45f05476-6995-080c-97f9-14a84c233bbd" testName="MovieApp.UnitTests.MoviesControllerTests.Create_ActionExecuted_RedirectsToIndexAction" computerName="TRISTL0085" duration="00:00:00.0019068" startTime="2021-02-23T02:49:11.6895629+03:00" endTime="2021-02-23T02:49:11.6895635+03:00" testType="13cdc9d9-ddb5-4fa4-a97d-d965ccfc6d4b" outcome="Passed" testListId="8c84fa94-04c1-424b-9868-57a2d4851a1d" relativeResultsDirectory="0e812061-5f7d-40b4-bf4a-45fd09d74d74" />
    <UnitTestResult executionId="f3a6dea2-7652-4397-93fa-c3ce2811ffc8" testId="7c8be8df-13bb-61f7-3677-3a9a2ae82dd7" testName="MovieApp.UnitTests.MoviesControllerTests.Create_ModelStateValid_CreateMovieCalledOnce" computerName="TRISTL0085" duration="00:00:00.0298191" startTime="2021-02-23T02:49:11.6875247+03:00" endTime="2021-02-23T02:49:11.6875256+03:00" testType="13cdc9d9-ddb5-4fa4-a97d-d965ccfc6d4b" outcome="Passed" testListId="8c84fa94-04c1-424b-9868-57a2d4851a1d" relativeResultsDirectory="f3a6dea2-7652-4397-93fa-c3ce2811ffc8" />
    <UnitTestResult executionId="99cd3672-0949-4ffa-a2cf-450f581aa7be" testId="27f136ba-0cb5-cd4b-3094-5b05dd13cb55" testName="MovieApp.UnitTests.MoviesControllerTests.Create_ActionExecutes_ReturnsViewForCreate" computerName="TRISTL0085" duration="00:00:00.1076787" startTime="2021-02-23T02:49:11.5353108+03:00" endTime="2021-02-23T02:49:11.5354269+03:00" testType="13cdc9d9-ddb5-4fa4-a97d-d965ccfc6d4b" outcome="Passed" testListId="8c84fa94-04c1-424b-9868-57a2d4851a1d" relativeResultsDirectory="99cd3672-0949-4ffa-a2cf-450f581aa7be" />
    <UnitTestResult executionId="03ee33b8-5bd7-4d4b-800f-8b46b4d2177f" testId="974d4f46-4767-7a97-8660-65e2fdd15582" testName="MovieApp.UnitTests.MoviesControllerTests.Index_ActionExecutes_ReturnsExactNumberOfMovies" computerName="TRISTL0085" duration="00:00:00.1229449" startTime="2021-02-23T02:49:11.6576594+03:00" endTime="2021-02-23T02:49:11.6576604+03:00" testType="13cdc9d9-ddb5-4fa4-a97d-d965ccfc6d4b" outcome="Passed" testListId="8c84fa94-04c1-424b-9868-57a2d4851a1d" relativeResultsDirectory="03ee33b8-5bd7-4d4b-800f-8b46b4d2177f" />
    <UnitTestResult executionId="f21dc98e-c18b-4046-86ca-2a1f076c825b" testId="005212e4-4b3f-79b8-77ef-2d996089cff7" testName="MovieApp.UnitTests.MoviesControllerTests.Create_InvalidModelState_CreateMovieNeverExecutes" computerName="TRISTL0085" duration="00:00:00.0016195" startTime="2021-02-23T02:49:11.6912350+03:00" endTime="2021-02-23T02:49:11.6912354+03:00" testType="13cdc9d9-ddb5-4fa4-a97d-d965ccfc6d4b" outcome="Passed" testListId="8c84fa94-04c1-424b-9868-57a2d4851a1d" relativeResultsDirectory="f21dc98e-c18b-4046-86ca-2a1f076c825b" />
  </Results>
  <TestDefinitions>
    <UnitTest name="MovieApp.UnitTests.MoviesControllerTests.Create_InvalidModelState_CreateMovieNeverExecutes" storage="c:\users\ideal.sarvan\source\repos\automatedtest\automatedtest\movieapp.unittests\bin\debug\net5.0\movieapp.unittests.dll" id="005212e4-4b3f-79b8-77ef-2d996089cff7">
      <Execution id="f21dc98e-c18b-4046-86ca-2a1f076c825b" />
      <TestMethod codeBase="C:\Users\ideal.sarvan\source\repos\AutomatedTest\AutomatedTest\MovieApp.UnitTests\bin\Debug\net5.0\MovieApp.UnitTests.dll" adapterTypeName="executor://xunit/VsTestRunner2/netcoreapp" className="MovieApp.UnitTests.MoviesControllerTests" name="Create_InvalidModelState_CreateMovieNeverExecutes" />
    </UnitTest>
    <UnitTest name="MovieApp.UnitTests.MoviesControllerTests.Create_ActionExecuted_RedirectsToIndexAction" storage="c:\users\ideal.sarvan\source\repos\automatedtest\automatedtest\movieapp.unittests\bin\debug\net5.0\movieapp.unittests.dll" id="45f05476-6995-080c-97f9-14a84c233bbd">
      <Execution id="0e812061-5f7d-40b4-bf4a-45fd09d74d74" />
      <TestMethod codeBase="C:\Users\ideal.sarvan\source\repos\AutomatedTest\AutomatedTest\MovieApp.UnitTests\bin\Debug\net5.0\MovieApp.UnitTests.dll" adapterTypeName="executor://xunit/VsTestRunner2/netcoreapp" className="MovieApp.UnitTests.MoviesControllerTests" name="Create_ActionExecuted_RedirectsToIndexAction" />
    </UnitTest>
    <UnitTest name="MovieApp.UnitTests.MoviesControllerTests.Index_ActionExecutes_ReturnsViewForIndex" storage="c:\users\ideal.sarvan\source\repos\automatedtest\automatedtest\movieapp.unittests\bin\debug\net5.0\movieapp.unittests.dll" id="752f2d5f-223a-3579-814a-5a34ea6bc49d">
      <Execution id="c9bbef30-9817-4bbd-b6e1-29ca816a627e" />
      <TestMethod codeBase="C:\Users\ideal.sarvan\source\repos\AutomatedTest\AutomatedTest\MovieApp.UnitTests\bin\Debug\net5.0\MovieApp.UnitTests.dll" adapterTypeName="executor://xunit/VsTestRunner2/netcoreapp" className="MovieApp.UnitTests.MoviesControllerTests" name="Index_ActionExecutes_ReturnsViewForIndex" />
    </UnitTest>
    <UnitTest name="MovieApp.UnitTests.MoviesControllerTests.Index_ActionExecutes_ReturnsExactNumberOfMovies" storage="c:\users\ideal.sarvan\source\repos\automatedtest\automatedtest\movieapp.unittests\bin\debug\net5.0\movieapp.unittests.dll" id="974d4f46-4767-7a97-8660-65e2fdd15582">
      <Execution id="03ee33b8-5bd7-4d4b-800f-8b46b4d2177f" />
      <TestMethod codeBase="C:\Users\ideal.sarvan\source\repos\AutomatedTest\AutomatedTest\MovieApp.UnitTests\bin\Debug\net5.0\MovieApp.UnitTests.dll" adapterTypeName="executor://xunit/VsTestRunner2/netcoreapp" className="MovieApp.UnitTests.MoviesControllerTests" name="Index_ActionExecutes_ReturnsExactNumberOfMovies" />
    </UnitTest>
    <UnitTest name="MovieApp.UnitTests.MoviesControllerTests.Create_ActionExecutes_ReturnsViewForCreate" storage="c:\users\ideal.sarvan\source\repos\automatedtest\automatedtest\movieapp.unittests\bin\debug\net5.0\movieapp.unittests.dll" id="27f136ba-0cb5-cd4b-3094-5b05dd13cb55">
      <Execution id="99cd3672-0949-4ffa-a2cf-450f581aa7be" />
      <TestMethod codeBase="C:\Users\ideal.sarvan\source\repos\AutomatedTest\AutomatedTest\MovieApp.UnitTests\bin\Debug\net5.0\MovieApp.UnitTests.dll" adapterTypeName="executor://xunit/VsTestRunner2/netcoreapp" className="MovieApp.UnitTests.MoviesControllerTests" name="Create_ActionExecutes_ReturnsViewForCreate" />
    </UnitTest>
    <UnitTest name="MovieApp.UnitTests.MoviesControllerTests.Create_InvalidModelState_ReturnsView" storage="c:\users\ideal.sarvan\source\repos\automatedtest\automatedtest\movieapp.unittests\bin\debug\net5.0\movieapp.unittests.dll" id="27bf9ede-f465-5911-c701-9d994fcd12ad">
      <Execution id="af7752b5-e79c-4019-b078-afdca15c3666" />
      <TestMethod codeBase="C:\Users\ideal.sarvan\source\repos\AutomatedTest\AutomatedTest\MovieApp.UnitTests\bin\Debug\net5.0\MovieApp.UnitTests.dll" adapterTypeName="executor://xunit/VsTestRunner2/netcoreapp" className="MovieApp.UnitTests.MoviesControllerTests" name="Create_InvalidModelState_ReturnsView" />
    </UnitTest>
    <UnitTest name="MovieApp.UnitTests.MoviesControllerTests.Create_ModelStateValid_CreateMovieCalledOnce" storage="c:\users\ideal.sarvan\source\repos\automatedtest\automatedtest\movieapp.unittests\bin\debug\net5.0\movieapp.unittests.dll" id="7c8be8df-13bb-61f7-3677-3a9a2ae82dd7">
      <Execution id="f3a6dea2-7652-4397-93fa-c3ce2811ffc8" />
      <TestMethod codeBase="C:\Users\ideal.sarvan\source\repos\AutomatedTest\AutomatedTest\MovieApp.UnitTests\bin\Debug\net5.0\MovieApp.UnitTests.dll" adapterTypeName="executor://xunit/VsTestRunner2/netcoreapp" className="MovieApp.UnitTests.MoviesControllerTests" name="Create_ModelStateValid_CreateMovieCalledOnce" />
    </UnitTest>
  </TestDefinitions>
  <TestEntries>
    <TestEntry testId="27bf9ede-f465-5911-c701-9d994fcd12ad" executionId="af7752b5-e79c-4019-b078-afdca15c3666" testListId="8c84fa94-04c1-424b-9868-57a2d4851a1d" />
    <TestEntry testId="752f2d5f-223a-3579-814a-5a34ea6bc49d" executionId="c9bbef30-9817-4bbd-b6e1-29ca816a627e" testListId="8c84fa94-04c1-424b-9868-57a2d4851a1d" />
    <TestEntry testId="45f05476-6995-080c-97f9-14a84c233bbd" executionId="0e812061-5f7d-40b4-bf4a-45fd09d74d74" testListId="8c84fa94-04c1-424b-9868-57a2d4851a1d" />
    <TestEntry testId="7c8be8df-13bb-61f7-3677-3a9a2ae82dd7" executionId="f3a6dea2-7652-4397-93fa-c3ce2811ffc8" testListId="8c84fa94-04c1-424b-9868-57a2d4851a1d" />
    <TestEntry testId="27f136ba-0cb5-cd4b-3094-5b05dd13cb55" executionId="99cd3672-0949-4ffa-a2cf-450f581aa7be" testListId="8c84fa94-04c1-424b-9868-57a2d4851a1d" />
    <TestEntry testId="974d4f46-4767-7a97-8660-65e2fdd15582" executionId="03ee33b8-5bd7-4d4b-800f-8b46b4d2177f" testListId="8c84fa94-04c1-424b-9868-57a2d4851a1d" />
    <TestEntry testId="005212e4-4b3f-79b8-77ef-2d996089cff7" executionId="f21dc98e-c18b-4046-86ca-2a1f076c825b" testListId="8c84fa94-04c1-424b-9868-57a2d4851a1d" />
  </TestEntries>
  <TestLists>
    <TestList name="Results Not in a List" id="8c84fa94-04c1-424b-9868-57a2d4851a1d" />
    <TestList name="All Loaded Results" id="19431567-8539-422a-85d7-44ee4e166bda" />
  </TestLists>
  <ResultSummary outcome="Completed">
    <Counters total="7" executed="7" passed="7" failed="0" error="0" timeout="0" aborted="0" inconclusive="0" passedButRunAborted="0" notRunnable="0" notExecuted="0" disconnected="0" warning="0" completed="0" inProgress="0" pending="0" />
    <Output>
      <StdOut>[xUnit.net 00:00:00.00] xUnit.net VSTest Adapter v2.4.3+1b45f5407b (64-bit .NET 5.0.2)&#xD;
[xUnit.net 00:00:02.38]   Discovering: MovieApp.UnitTests&#xD;
[xUnit.net 00:00:02.44]   Discovered:  MovieApp.UnitTests&#xD;
[xUnit.net 00:00:02.44]   Starting:    MovieApp.UnitTests&#xD;
[xUnit.net 00:00:02.82]   Finished:    MovieApp.UnitTests&#xD;
</StdOut>
    </Output>
  </ResultSummary>
</TestRun>