<?xml version="1.0" encoding="utf-8"?>
<TestRun id="3855a8bb-341b-48ad-b504-8a6478e2c3a5" name="ideal.savran@TRISTL0085 2021-02-23 03:01:30" runUser="TRDOMAIN\ideal.savran" xmlns="http://microsoft.com/schemas/VisualStudio/TeamTest/2010">
  <Times creation="2021-02-23T03:01:30.0406313+03:00" queuing="2021-02-23T03:01:30.0406314+03:00" start="2021-02-23T03:01:19.4665145+03:00" finish="2021-02-23T03:01:30.0528393+03:00" />
  <TestSettings name="default" id="c30044db-c1f0-4fff-909f-2d880f6186fd">
    <Deployment runDeploymentRoot="ideal.savran_TRISTL0085_2021-02-23_03_01_30" />
  </TestSettings>
  <Results>
    <UnitTestResult executionId="8510d9f8-4537-4f8d-a7f5-c9021bbcc9f3" testId="7c8be8df-13bb-61f7-3677-3a9a2ae82dd7" testName="MovieApp.UnitTests.MoviesControllerTests.Create_ModelStateValid_CreateMovieCalledOnce" computerName="TRISTL0085" duration="00:00:00.0803698" startTime="2021-02-23T03:01:29.4203458+03:00" endTime="2021-02-23T03:01:29.4203471+03:00" testType="13cdc9d9-ddb5-4fa4-a97d-d965ccfc6d4b" outcome="Passed" testListId="8c84fa94-04c1-424b-9868-57a2d4851a1d" relativeResultsDirectory="8510d9f8-4537-4f8d-a7f5-c9021bbcc9f3" />
    <UnitTestResult executionId="d3ff0f6f-9076-485d-be71-5de42cd3c91f" testId="974d4f46-4767-7a97-8660-65e2fdd15582" testName="MovieApp.UnitTests.MoviesControllerTests.Index_ActionExecutes_ReturnsExactNumberOfMovies" computerName="TRISTL0085" duration="00:00:00.4096082" startTime="2021-02-23T03:01:29.3390475+03:00" endTime="2021-02-23T03:01:29.3390486+03:00" testType="13cdc9d9-ddb5-4fa4-a97d-d965ccfc6d4b" outcome="Passed" testListId="8c84fa94-04c1-424b-9868-57a2d4851a1d" relativeResultsDirectory="d3ff0f6f-9076-485d-be71-5de42cd3c91f" />
    <UnitTestResult executionId="45dbb2b7-8a20-4a4f-b77b-36fcc55830f0" testId="005212e4-4b3f-79b8-77ef-2d996089cff7" testName="MovieApp.UnitTests.MoviesControllerTests.Create_InvalidModelState_CreateMovieNeverExecutes" computerName="TRISTL0085" duration="00:00:00.0032661" startTime="2021-02-23T03:01:29.4293739+03:00" endTime="2021-02-23T03:01:29.4293752+03:00" testType="13cdc9d9-ddb5-4fa4-a97d-d965ccfc6d4b" outcome="Passed" testListId="8c84fa94-04c1-424b-9868-57a2d4851a1d" relativeResultsDirectory="45dbb2b7-8a20-4a4f-b77b-36fcc55830f0" />
    <UnitTestResult executionId="ac9b5a51-783f-4df2-b7ec-2f778f66cdca" testId="27f136ba-0cb5-cd4b-3094-5b05dd13cb55" testName="MovieApp.UnitTests.MoviesControllerTests.Create_ActionExecutes_ReturnsViewForCreate" computerName="TRISTL0085" duration="00:00:00.3348135" startTime="2021-02-23T03:01:28.9298588+03:00" endTime="2021-02-23T03:01:28.9301603+03:00" testType="13cdc9d9-ddb5-4fa4-a97d-d965ccfc6d4b" outcome="Passed" testListId="8c84fa94-04c1-424b-9868-57a2d4851a1d" relativeResultsDirectory="ac9b5a51-783f-4df2-b7ec-2f778f66cdca" />
    <UnitTestResult executionId="78bbabb2-3bca-4c18-bd8a-01426482b25f" testId="27bf9ede-f465-5911-c701-9d994fcd12ad" testName="MovieApp.UnitTests.MoviesControllerTests.Create_InvalidModelState_ReturnsView" computerName="TRISTL0085" duration="00:00:00.0017411" startTime="2021-02-23T03:01:29.4311848+03:00" endTime="2021-02-23T03:01:29.4311859+03:00" testType="13cdc9d9-ddb5-4fa4-a97d-d965ccfc6d4b" outcome="Passed" testListId="8c84fa94-04c1-424b-9868-57a2d4851a1d" relativeResultsDirectory="78bbabb2-3bca-4c18-bd8a-01426482b25f" />
    <UnitTestResult executionId="80d56814-53bf-4196-99bf-113795fcd197" testId="752f2d5f-223a-3579-814a-5a34ea6bc49d" testName="MovieApp.UnitTests.MoviesControllerTests.Index_ActionExecutes_ReturnsViewForIndex" computerName="TRISTL0085" duration="00:00:00.0103595" startTime="2021-02-23T03:01:29.4416750+03:00" endTime="2021-02-23T03:01:29.4416762+03:00" testType="13cdc9d9-ddb5-4fa4-a97d-d965ccfc6d4b" outcome="Passed" testListId="8c84fa94-04c1-424b-9868-57a2d4851a1d" relativeResultsDirectory="80d56814-53bf-4196-99bf-113795fcd197" />
    <UnitTestResult executionId="888dc8a0-e889-4979-bad5-df5e8e898c19" testId="45f05476-6995-080c-97f9-14a84c233bbd" testName="MovieApp.UnitTests.MoviesControllerTests.Create_ActionExecuted_RedirectsToIndexAction" computerName="TRISTL0085" duration="00:00:00.0051778" startTime="2021-02-23T03:01:29.4259129+03:00" endTime="2021-02-23T03:01:29.4259141+03:00" testType="13cdc9d9-ddb5-4fa4-a97d-d965ccfc6d4b" outcome="Passed" testListId="8c84fa94-04c1-424b-9868-57a2d4851a1d" relativeResultsDirectory="888dc8a0-e889-4979-bad5-df5e8e898c19" />
  </Results>
  <TestDefinitions>
    <UnitTest name="MovieApp.UnitTests.MoviesControllerTests.Create_InvalidModelState_CreateMovieNeverExecutes" storage="c:\users\ideal.sarvan\source\repos\automatedtest\automatedtest\movieapp.unittests\bin\debug\net5.0\movieapp.unittests.dll" id="005212e4-4b3f-79b8-77ef-2d996089cff7">
      <Execution id="45dbb2b7-8a20-4a4f-b77b-36fcc55830f0" />
      <TestMethod codeBase="C:\Users\ideal.sarvan\source\repos\AutomatedTest\AutomatedTest\MovieApp.UnitTests\bin\Debug\net5.0\MovieApp.UnitTests.dll" adapterTypeName="executor://xunit/VsTestRunner2/netcoreapp" className="MovieApp.UnitTests.MoviesControllerTests" name="Create_InvalidModelState_CreateMovieNeverExecutes" />
    </UnitTest>
    <UnitTest name="MovieApp.UnitTests.MoviesControllerTests.Create_ActionExecuted_RedirectsToIndexAction" storage="c:\users\ideal.sarvan\source\repos\automatedtest\automatedtest\movieapp.unittests\bin\debug\net5.0\movieapp.unittests.dll" id="45f05476-6995-080c-97f9-14a84c233bbd">
      <Execution id="888dc8a0-e889-4979-bad5-df5e8e898c19" />
      <TestMethod codeBase="C:\Users\ideal.sarvan\source\repos\AutomatedTest\AutomatedTest\MovieApp.UnitTests\bin\Debug\net5.0\MovieApp.UnitTests.dll" adapterTypeName="executor://xunit/VsTestRunner2/netcoreapp" className="MovieApp.UnitTests.MoviesControllerTests" name="Create_ActionExecuted_RedirectsToIndexAction" />
    </UnitTest>
    <UnitTest name="MovieApp.UnitTests.MoviesControllerTests.Index_ActionExecutes_ReturnsViewForIndex" storage="c:\users\ideal.sarvan\source\repos\automatedtest\automatedtest\movieapp.unittests\bin\debug\net5.0\movieapp.unittests.dll" id="752f2d5f-223a-3579-814a-5a34ea6bc49d">
      <Execution id="80d56814-53bf-4196-99bf-113795fcd197" />
      <TestMethod codeBase="C:\Users\ideal.sarvan\source\repos\AutomatedTest\AutomatedTest\MovieApp.UnitTests\bin\Debug\net5.0\MovieApp.UnitTests.dll" adapterTypeName="executor://xunit/VsTestRunner2/netcoreapp" className="MovieApp.UnitTests.MoviesControllerTests" name="Index_ActionExecutes_ReturnsViewForIndex" />
    </UnitTest>
    <UnitTest name="MovieApp.UnitTests.MoviesControllerTests.Index_ActionExecutes_ReturnsExactNumberOfMovies" storage="c:\users\ideal.sarvan\source\repos\automatedtest\automatedtest\movieapp.unittests\bin\debug\net5.0\movieapp.unittests.dll" id="974d4f46-4767-7a97-8660-65e2fdd15582">
      <Execution id="d3ff0f6f-9076-485d-be71-5de42cd3c91f" />
      <TestMethod codeBase="C:\Users\ideal.sarvan\source\repos\AutomatedTest\AutomatedTest\MovieApp.UnitTests\bin\Debug\net5.0\MovieApp.UnitTests.dll" adapterTypeName="executor://xunit/VsTestRunner2/netcoreapp" className="MovieApp.UnitTests.MoviesControllerTests" name="Index_ActionExecutes_ReturnsExactNumberOfMovies" />
    </UnitTest>
    <UnitTest name="MovieApp.UnitTests.MoviesControllerTests.Create_ActionExecutes_ReturnsViewForCreate" storage="c:\users\ideal.sarvan\source\repos\automatedtest\automatedtest\movieapp.unittests\bin\debug\net5.0\movieapp.unittests.dll" id="27f136ba-0cb5-cd4b-3094-5b05dd13cb55">
      <Execution id="ac9b5a51-783f-4df2-b7ec-2f778f66cdca" />
      <TestMethod codeBase="C:\Users\ideal.sarvan\source\repos\AutomatedTest\AutomatedTest\MovieApp.UnitTests\bin\Debug\net5.0\MovieApp.UnitTests.dll" adapterTypeName="executor://xunit/VsTestRunner2/netcoreapp" className="MovieApp.UnitTests.MoviesControllerTests" name="Create_ActionExecutes_ReturnsViewForCreate" />
    </UnitTest>
    <UnitTest name="MovieApp.UnitTests.MoviesControllerTests.Create_InvalidModelState_ReturnsView" storage="c:\users\ideal.sarvan\source\repos\automatedtest\automatedtest\movieapp.unittests\bin\debug\net5.0\movieapp.unittests.dll" id="27bf9ede-f465-5911-c701-9d994fcd12ad">
      <Execution id="78bbabb2-3bca-4c18-bd8a-01426482b25f" />
      <TestMethod codeBase="C:\Users\ideal.sarvan\source\repos\AutomatedTest\AutomatedTest\MovieApp.UnitTests\bin\Debug\net5.0\MovieApp.UnitTests.dll" adapterTypeName="executor://xunit/VsTestRunner2/netcoreapp" className="MovieApp.UnitTests.MoviesControllerTests" name="Create_InvalidModelState_ReturnsView" />
    </UnitTest>
    <UnitTest name="MovieApp.UnitTests.MoviesControllerTests.Create_ModelStateValid_CreateMovieCalledOnce" storage="c:\users\ideal.sarvan\source\repos\automatedtest\automatedtest\movieapp.unittests\bin\debug\net5.0\movieapp.unittests.dll" id="7c8be8df-13bb-61f7-3677-3a9a2ae82dd7">
      <Execution id="8510d9f8-4537-4f8d-a7f5-c9021bbcc9f3" />
      <TestMethod codeBase="C:\Users\ideal.sarvan\source\repos\AutomatedTest\AutomatedTest\MovieApp.UnitTests\bin\Debug\net5.0\MovieApp.UnitTests.dll" adapterTypeName="executor://xunit/VsTestRunner2/netcoreapp" className="MovieApp.UnitTests.MoviesControllerTests" name="Create_ModelStateValid_CreateMovieCalledOnce" />
    </UnitTest>
  </TestDefinitions>
  <TestEntries>
    <TestEntry testId="7c8be8df-13bb-61f7-3677-3a9a2ae82dd7" executionId="8510d9f8-4537-4f8d-a7f5-c9021bbcc9f3" testListId="8c84fa94-04c1-424b-9868-57a2d4851a1d" />
    <TestEntry testId="974d4f46-4767-7a97-8660-65e2fdd15582" executionId="d3ff0f6f-9076-485d-be71-5de42cd3c91f" testListId="8c84fa94-04c1-424b-9868-57a2d4851a1d" />
    <TestEntry testId="005212e4-4b3f-79b8-77ef-2d996089cff7" executionId="45dbb2b7-8a20-4a4f-b77b-36fcc55830f0" testListId="8c84fa94-04c1-424b-9868-57a2d4851a1d" />
    <TestEntry testId="27f136ba-0cb5-cd4b-3094-5b05dd13cb55" executionId="ac9b5a51-783f-4df2-b7ec-2f778f66cdca" testListId="8c84fa94-04c1-424b-9868-57a2d4851a1d" />
    <TestEntry testId="27bf9ede-f465-5911-c701-9d994fcd12ad" executionId="78bbabb2-3bca-4c18-bd8a-01426482b25f" testListId="8c84fa94-04c1-424b-9868-57a2d4851a1d" />
    <TestEntry testId="752f2d5f-223a-3579-814a-5a34ea6bc49d" executionId="80d56814-53bf-4196-99bf-113795fcd197" testListId="8c84fa94-04c1-424b-9868-57a2d4851a1d" />
    <TestEntry testId="45f05476-6995-080c-97f9-14a84c233bbd" executionId="888dc8a0-e889-4979-bad5-df5e8e898c19" testListId="8c84fa94-04c1-424b-9868-57a2d4851a1d" />
  </TestEntries>
  <TestLists>
    <TestList name="Results Not in a List" id="8c84fa94-04c1-424b-9868-57a2d4851a1d" />
    <TestList name="All Loaded Results" id="19431567-8539-422a-85d7-44ee4e166bda" />
  </TestLists>
  <ResultSummary outcome="Completed">
    <Counters total="7" executed="7" passed="7" failed="0" error="0" timeout="0" aborted="0" inconclusive="0" passedButRunAborted="0" notRunnable="0" notExecuted="0" disconnected="0" warning="0" completed="0" inProgress="0" pending="0" />
    <Output>
      <StdOut>[xUnit.net 00:00:00.01] xUnit.net VSTest Adapter v2.4.3+1b45f5407b (64-bit .NET 5.0.2)&#xD;
[xUnit.net 00:00:04.49]   Discovering: MovieApp.UnitTests&#xD;
[xUnit.net 00:00:04.58]   Discovered:  MovieApp.UnitTests&#xD;
[xUnit.net 00:00:04.59]   Starting:    MovieApp.UnitTests&#xD;
[xUnit.net 00:00:05.63]   Finished:    MovieApp.UnitTests&#xD;
</StdOut>
    </Output>
  </ResultSummary>
</TestRun>