<?xml version="1.0" encoding="utf-8"?>
<TestRun id="13db017f-b926-4f94-b71a-20c7686320ab" name="ideal.savran@TRISTL0085 2021-02-23 02:37:59" runUser="TRDOMAIN\ideal.savran" xmlns="http://microsoft.com/schemas/VisualStudio/TeamTest/2010">
  <Times creation="2021-02-23T02:37:59.6450764+03:00" queuing="2021-02-23T02:37:59.6450765+03:00" start="2021-02-23T02:37:48.9753978+03:00" finish="2021-02-23T02:37:59.6970424+03:00" />
  <TestSettings name="default" id="95ac4650-88d7-4527-add5-356cc03b89ae">
    <Deployment runDeploymentRoot="ideal.savran_TRISTL0085_2021-02-23_02_37_59" />
  </TestSettings>
  <Results>
    <UnitTestResult executionId="7bc48909-65fe-4a3a-abb6-08fb43afd010" testId="752f2d5f-223a-3579-814a-5a34ea6bc49d" testName="MovieApp.UnitTests.MoviesControllerTests.Index_ActionExecutes_ReturnsViewForIndex" computerName="TRISTL0085" duration="00:00:00.0035371" startTime="2021-02-23T02:37:56.4597387+03:00" endTime="2021-02-23T02:37:56.4597393+03:00" testType="13cdc9d9-ddb5-4fa4-a97d-d965ccfc6d4b" outcome="Passed" testListId="8c84fa94-04c1-424b-9868-57a2d4851a1d" relativeResultsDirectory="7bc48909-65fe-4a3a-abb6-08fb43afd010" />
    <UnitTestResult executionId="b0877dd2-62e1-4a7c-b61d-7507a9a03e38" testId="7c8be8df-13bb-61f7-3677-3a9a2ae82dd7" testName="MovieApp.UnitTests.MoviesControllerTests.Create_ModelStateValid_CreateMovieCalledOnce" computerName="TRISTL0085" duration="00:00:00.0306641" startTime="2021-02-23T02:37:56.4513494+03:00" endTime="2021-02-23T02:37:56.4513501+03:00" testType="13cdc9d9-ddb5-4fa4-a97d-d965ccfc6d4b" outcome="Passed" testListId="8c84fa94-04c1-424b-9868-57a2d4851a1d" relativeResultsDirectory="b0877dd2-62e1-4a7c-b61d-7507a9a03e38" />
    <UnitTestResult executionId="ca217587-7295-4309-9cff-083b0904a2b7" testId="45f05476-6995-080c-97f9-14a84c233bbd" testName="MovieApp.UnitTests.MoviesControllerTests.Create_ActionExecuted_RedirectsToIndexAction" computerName="TRISTL0085" duration="00:00:00.0017257" startTime="2021-02-23T02:37:56.4531185+03:00" endTime="2021-02-23T02:37:56.4531188+03:00" testType="13cdc9d9-ddb5-4fa4-a97d-d965ccfc6d4b" outcome="Passed" testListId="8c84fa94-04c1-424b-9868-57a2d4851a1d" relativeResultsDirectory="ca217587-7295-4309-9cff-083b0904a2b7" />
    <UnitTestResult executionId="17a50fab-f60e-4242-8f80-aaa9276ba753" testId="974d4f46-4767-7a97-8660-65e2fdd15582" testName="MovieApp.UnitTests.MoviesControllerTests.Index_ActionExecutes_ReturnsExactNumberOfMovies" computerName="TRISTL0085" duration="00:00:00.1078660" startTime="2021-02-23T02:37:56.4318206+03:00" endTime="2021-02-23T02:37:56.4318216+03:00" testType="13cdc9d9-ddb5-4fa4-a97d-d965ccfc6d4b" outcome="Failed" testListId="8c84fa94-04c1-424b-9868-57a2d4851a1d" relativeResultsDirectory="17a50fab-f60e-4242-8f80-aaa9276ba753">
      <Output>
        <ErrorInfo>
          <Message>Assert.IsType() Failure&#xD;
Expected: System.Collections.Generic.List`1[[ApplicationLibrary.Domain.Movie, ApplicationLibrary, Version=1.0.0.0, Culture=neutral, PublicKeyToken=null]]&#xD;
Actual:   System.Linq.Enumerable+SelectListIterator`2[[ApplicationLibrary.Domain.Movie, ApplicationLibrary, Version=1.0.0.0, Culture=neutral, PublicKeyToken=null],[MovieManagement.Models.MovieViewModel, MovieApp, Version=1.0.0.0, Culture=neutral, PublicKeyToken=null]]</Message>
          <StackTrace>   at MovieApp.UnitTests.MoviesControllerTests.Index_ActionExecutes_ReturnsExactNumberOfMovies() in C:\Users\ideal.sarvan\source\repos\AutomatedTest\AutomatedTest\MovieApp.UnitTests\MoviesControllerTests.cs:line 49&#xD;
--- End of stack trace from previous location ---</StackTrace>
        </ErrorInfo>
      </Output>
    </UnitTestResult>
    <UnitTestResult executionId="8860205b-cc63-4f88-8bbc-c22b6b8ab50b" testId="005212e4-4b3f-79b8-77ef-2d996089cff7" testName="MovieApp.UnitTests.MoviesControllerTests.Create_InvalidModelState_CreateMovieNeverExecutes" computerName="TRISTL0085" duration="00:00:00.0015122" startTime="2021-02-23T02:37:56.4547265+03:00" endTime="2021-02-23T02:37:56.4547268+03:00" testType="13cdc9d9-ddb5-4fa4-a97d-d965ccfc6d4b" outcome="Passed" testListId="8c84fa94-04c1-424b-9868-57a2d4851a1d" relativeResultsDirectory="8860205b-cc63-4f88-8bbc-c22b6b8ab50b" />
    <UnitTestResult executionId="513b4125-ca29-49e3-a83b-d82c5b75379d" testId="27f136ba-0cb5-cd4b-3094-5b05dd13cb55" testName="MovieApp.UnitTests.MoviesControllerTests.Create_ActionExecutes_ReturnsViewForCreate" computerName="TRISTL0085" duration="00:00:00.0986190" startTime="2021-02-23T02:37:56.2508261+03:00" endTime="2021-02-23T02:37:56.2509356+03:00" testType="13cdc9d9-ddb5-4fa4-a97d-d965ccfc6d4b" outcome="Passed" testListId="8c84fa94-04c1-424b-9868-57a2d4851a1d" relativeResultsDirectory="513b4125-ca29-49e3-a83b-d82c5b75379d" />
    <UnitTestResult executionId="63367fb3-4ca3-46f4-a378-a7d98799cf3e" testId="27bf9ede-f465-5911-c701-9d994fcd12ad" testName="MovieApp.UnitTests.MoviesControllerTests.Create_InvalidModelState_ReturnsView" computerName="TRISTL0085" duration="00:00:00.0010320" startTime="2021-02-23T02:37:56.4569372+03:00" endTime="2021-02-23T02:37:56.4569376+03:00" testType="13cdc9d9-ddb5-4fa4-a97d-d965ccfc6d4b" outcome="Failed" testListId="8c84fa94-04c1-424b-9868-57a2d4851a1d" relativeResultsDirectory="63367fb3-4ca3-46f4-a378-a7d98799cf3e">
      <Output>
        <ErrorInfo>
          <Message>Assert.IsType() Failure&#xD;
Expected: ApplicationLibrary.Domain.Movie&#xD;
Actual:   MovieManagement.Models.MovieViewModel</Message>
          <StackTrace>   at MovieApp.UnitTests.MoviesControllerTests.Create_InvalidModelState_ReturnsView() in C:\Users\ideal.sarvan\source\repos\AutomatedTest\AutomatedTest\MovieApp.UnitTests\MoviesControllerTests.cs:line 79&#xD;
--- End of stack trace from previous location ---</StackTrace>
        </ErrorInfo>
      </Output>
    </UnitTestResult>
  </Results>
  <TestDefinitions>
    <UnitTest name="MovieApp.UnitTests.MoviesControllerTests.Create_InvalidModelState_CreateMovieNeverExecutes" storage="c:\users\ideal.sarvan\source\repos\automatedtest\automatedtest\movieapp.unittests\bin\debug\net5.0\movieapp.unittests.dll" id="005212e4-4b3f-79b8-77ef-2d996089cff7">
      <Execution id="8860205b-cc63-4f88-8bbc-c22b6b8ab50b" />
      <TestMethod codeBase="C:\Users\ideal.sarvan\source\repos\AutomatedTest\AutomatedTest\MovieApp.UnitTests\bin\Debug\net5.0\MovieApp.UnitTests.dll" adapterTypeName="executor://xunit/VsTestRunner2/netcoreapp" className="MovieApp.UnitTests.MoviesControllerTests" name="Create_InvalidModelState_CreateMovieNeverExecutes" />
    </UnitTest>
    <UnitTest name="MovieApp.UnitTests.MoviesControllerTests.Create_ActionExecuted_RedirectsToIndexAction" storage="c:\users\ideal.sarvan\source\repos\automatedtest\automatedtest\movieapp.unittests\bin\debug\net5.0\movieapp.unittests.dll" id="45f05476-6995-080c-97f9-14a84c233bbd">
      <Execution id="ca217587-7295-4309-9cff-083b0904a2b7" />
      <TestMethod codeBase="C:\Users\ideal.sarvan\source\repos\AutomatedTest\AutomatedTest\MovieApp.UnitTests\bin\Debug\net5.0\MovieApp.UnitTests.dll" adapterTypeName="executor://xunit/VsTestRunner2/netcoreapp" className="MovieApp.UnitTests.MoviesControllerTests" name="Create_ActionExecuted_RedirectsToIndexAction" />
    </UnitTest>
    <UnitTest name="MovieApp.UnitTests.MoviesControllerTests.Index_ActionExecutes_ReturnsViewForIndex" storage="c:\users\ideal.sarvan\source\repos\automatedtest\automatedtest\movieapp.unittests\bin\debug\net5.0\movieapp.unittests.dll" id="752f2d5f-223a-3579-814a-5a34ea6bc49d">
      <Execution id="7bc48909-65fe-4a3a-abb6-08fb43afd010" />
      <TestMethod codeBase="C:\Users\ideal.sarvan\source\repos\AutomatedTest\AutomatedTest\MovieApp.UnitTests\bin\Debug\net5.0\MovieApp.UnitTests.dll" adapterTypeName="executor://xunit/VsTestRunner2/netcoreapp" className="MovieApp.UnitTests.MoviesControllerTests" name="Index_ActionExecutes_ReturnsViewForIndex" />
    </UnitTest>
    <UnitTest name="MovieApp.UnitTests.MoviesControllerTests.Index_ActionExecutes_ReturnsExactNumberOfMovies" storage="c:\users\ideal.sarvan\source\repos\automatedtest\automatedtest\movieapp.unittests\bin\debug\net5.0\movieapp.unittests.dll" id="974d4f46-4767-7a97-8660-65e2fdd15582">
      <Execution id="17a50fab-f60e-4242-8f80-aaa9276ba753" />
      <TestMethod codeBase="C:\Users\ideal.sarvan\source\repos\AutomatedTest\AutomatedTest\MovieApp.UnitTests\bin\Debug\net5.0\MovieApp.UnitTests.dll" adapterTypeName="executor://xunit/VsTestRunner2/netcoreapp" className="MovieApp.UnitTests.MoviesControllerTests" name="Index_ActionExecutes_ReturnsExactNumberOfMovies" />
    </UnitTest>
    <UnitTest name="MovieApp.UnitTests.MoviesControllerTests.Create_ActionExecutes_ReturnsViewForCreate" storage="c:\users\ideal.sarvan\source\repos\automatedtest\automatedtest\movieapp.unittests\bin\debug\net5.0\movieapp.unittests.dll" id="27f136ba-0cb5-cd4b-3094-5b05dd13cb55">
      <Execution id="513b4125-ca29-49e3-a83b-d82c5b75379d" />
      <TestMethod codeBase="C:\Users\ideal.sarvan\source\repos\AutomatedTest\AutomatedTest\MovieApp.UnitTests\bin\Debug\net5.0\MovieApp.UnitTests.dll" adapterTypeName="executor://xunit/VsTestRunner2/netcoreapp" className="MovieApp.UnitTests.MoviesControllerTests" name="Create_ActionExecutes_ReturnsViewForCreate" />
    </UnitTest>
    <UnitTest name="MovieApp.UnitTests.MoviesControllerTests.Create_InvalidModelState_ReturnsView" storage="c:\users\ideal.sarvan\source\repos\automatedtest\automatedtest\movieapp.unittests\bin\debug\net5.0\movieapp.unittests.dll" id="27bf9ede-f465-5911-c701-9d994fcd12ad">
      <Execution id="63367fb3-4ca3-46f4-a378-a7d98799cf3e" />
      <TestMethod codeBase="C:\Users\ideal.sarvan\source\repos\AutomatedTest\AutomatedTest\MovieApp.UnitTests\bin\Debug\net5.0\MovieApp.UnitTests.dll" adapterTypeName="executor://xunit/VsTestRunner2/netcoreapp" className="MovieApp.UnitTests.MoviesControllerTests" name="Create_InvalidModelState_ReturnsView" />
    </UnitTest>
    <UnitTest name="MovieApp.UnitTests.MoviesControllerTests.Create_ModelStateValid_CreateMovieCalledOnce" storage="c:\users\ideal.sarvan\source\repos\automatedtest\automatedtest\movieapp.unittests\bin\debug\net5.0\movieapp.unittests.dll" id="7c8be8df-13bb-61f7-3677-3a9a2ae82dd7">
      <Execution id="b0877dd2-62e1-4a7c-b61d-7507a9a03e38" />
      <TestMethod codeBase="C:\Users\ideal.sarvan\source\repos\AutomatedTest\AutomatedTest\MovieApp.UnitTests\bin\Debug\net5.0\MovieApp.UnitTests.dll" adapterTypeName="executor://xunit/VsTestRunner2/netcoreapp" className="MovieApp.UnitTests.MoviesControllerTests" name="Create_ModelStateValid_CreateMovieCalledOnce" />
    </UnitTest>
  </TestDefinitions>
  <TestEntries>
    <TestEntry testId="752f2d5f-223a-3579-814a-5a34ea6bc49d" executionId="7bc48909-65fe-4a3a-abb6-08fb43afd010" testListId="8c84fa94-04c1-424b-9868-57a2d4851a1d" />
    <TestEntry testId="7c8be8df-13bb-61f7-3677-3a9a2ae82dd7" executionId="b0877dd2-62e1-4a7c-b61d-7507a9a03e38" testListId="8c84fa94-04c1-424b-9868-57a2d4851a1d" />
    <TestEntry testId="45f05476-6995-080c-97f9-14a84c233bbd" executionId="ca217587-7295-4309-9cff-083b0904a2b7" testListId="8c84fa94-04c1-424b-9868-57a2d4851a1d" />
    <TestEntry testId="974d4f46-4767-7a97-8660-65e2fdd15582" executionId="17a50fab-f60e-4242-8f80-aaa9276ba753" testListId="8c84fa94-04c1-424b-9868-57a2d4851a1d" />
    <TestEntry testId="005212e4-4b3f-79b8-77ef-2d996089cff7" executionId="8860205b-cc63-4f88-8bbc-c22b6b8ab50b" testListId="8c84fa94-04c1-424b-9868-57a2d4851a1d" />
    <TestEntry testId="27f136ba-0cb5-cd4b-3094-5b05dd13cb55" executionId="513b4125-ca29-49e3-a83b-d82c5b75379d" testListId="8c84fa94-04c1-424b-9868-57a2d4851a1d" />
    <TestEntry testId="27bf9ede-f465-5911-c701-9d994fcd12ad" executionId="63367fb3-4ca3-46f4-a378-a7d98799cf3e" testListId="8c84fa94-04c1-424b-9868-57a2d4851a1d" />
  </TestEntries>
  <TestLists>
    <TestList name="Results Not in a List" id="8c84fa94-04c1-424b-9868-57a2d4851a1d" />
    <TestList name="All Loaded Results" id="19431567-8539-422a-85d7-44ee4e166bda" />
  </TestLists>
  <ResultSummary outcome="Failed">
    <Counters total="7" executed="7" passed="5" failed="2" error="0" timeout="0" aborted="0" inconclusive="0" passedButRunAborted="0" notRunnable="0" notExecuted="0" disconnected="0" warning="0" completed="0" inProgress="0" pending="0" />
    <Output>
      <StdOut>[xUnit.net 00:00:00.00] xUnit.net VSTest Adapter v2.4.3+1b45f5407b (64-bit .NET 5.0.2)&#xD;
[xUnit.net 00:00:05.04]   Discovering: MovieApp.UnitTests&#xD;
[xUnit.net 00:00:05.10]   Discovered:  MovieApp.UnitTests&#xD;
[xUnit.net 00:00:05.10]   Starting:    MovieApp.UnitTests&#xD;
[xUnit.net 00:00:05.46]       Assert.IsType() Failure&#xD;
[xUnit.net 00:00:05.46]       Expected: System.Collections.Generic.List`1[[ApplicationLibrary.Domain.Movie, ApplicationLibrary, Version=1.0.0.0, Culture=neutral, PublicKeyToken=null]]&#xD;
[xUnit.net 00:00:05.46]       Actual:   System.Linq.Enumerable+SelectListIterator`2[[ApplicationLibrary.Domain.Movie, ApplicationLibrary, Version=1.0.0.0, Culture=neutral, PublicKeyToken=null],[MovieManagement.Models.MovieViewModel, MovieApp, Version=1.0.0.0, Culture=neutral, PublicKeyToken=null]]&#xD;
[xUnit.net 00:00:05.46]       Stack Trace:&#xD;
[xUnit.net 00:00:05.47]         C:\Users\ideal.sarvan\source\repos\AutomatedTest\AutomatedTest\MovieApp.UnitTests\MoviesControllerTests.cs(49,0): at MovieApp.UnitTests.MoviesControllerTests.Index_ActionExecutes_ReturnsExactNumberOfMovies()&#xD;
[xUnit.net 00:00:05.47]         --- End of stack trace from previous location ---&#xD;
[xUnit.net 00:00:05.49]       Assert.IsType() Failure&#xD;
[xUnit.net 00:00:05.49]       Expected: ApplicationLibrary.Domain.Movie&#xD;
[xUnit.net 00:00:05.49]       Actual:   MovieManagement.Models.MovieViewModel&#xD;
[xUnit.net 00:00:05.49]       Stack Trace:&#xD;
[xUnit.net 00:00:05.49]         C:\Users\ideal.sarvan\source\repos\AutomatedTest\AutomatedTest\MovieApp.UnitTests\MoviesControllerTests.cs(79,0): at MovieApp.UnitTests.MoviesControllerTests.Create_InvalidModelState_ReturnsView()&#xD;
[xUnit.net 00:00:05.49]         --- End of stack trace from previous location ---&#xD;
[xUnit.net 00:00:05.51]   Finished:    MovieApp.UnitTests&#xD;
</StdOut>
    </Output>
    <RunInfos>
      <RunInfo computerName="TRISTL0085" outcome="Error" timestamp="2021-02-23T02:37:56.4263148+03:00">
        <Text>[xUnit.net 00:00:05.46]     MovieApp.UnitTests.MoviesControllerTests.Index_ActionExecutes_ReturnsExactNumberOfMovies [FAIL]</Text>
      </RunInfo>
      <RunInfo computerName="TRISTL0085" outcome="Error" timestamp="2021-02-23T02:37:59.6178932+03:00">
        <Text>[xUnit.net 00:00:05.49]     MovieApp.UnitTests.MoviesControllerTests.Create_InvalidModelState_ReturnsView [FAIL]</Text>
      </RunInfo>
    </RunInfos>
  </ResultSummary>
</TestRun>